0 info it worked if it ends with ok
1 verbose cli [ 'C:\\Program Files\\nodejs\\node.exe',
1 verbose cli   'C:\\Program Files\\nodejs\\node_modules\\npm\\bin\\npm-cli.js',
1 verbose cli   'install',
1 verbose cli   '-g',
1 verbose cli   'protractor' ]
2 info using npm@3.10.10
3 info using node@v6.14.3
4 silly loadCurrentTree Starting
5 silly install loadCurrentTree
6 silly install readGlobalPackageData
7 silly fetchPackageMetaData protractor
8 silly fetchOtherPackageData protractor
9 silly cache add args [ 'protractor', null ]
10 verbose cache add spec protractor
11 silly cache add parsed spec Result {
11 silly cache add   raw: 'protractor',
11 silly cache add   scope: null,
11 silly cache add   escapedName: 'protractor',
11 silly cache add   name: null,
11 silly cache add   rawSpec: 'protractor',
11 silly cache add   spec: 'C:\\Users\\user\\AppData\\Roaming\\npm\\protractor',
11 silly cache add   type: 'local' }
12 silly addLocalTarball shasum (computed) f3b5eadfb0f7f2c1bcd325209d6c62dcb356deee
13 verbose addTmpTarball C:\Users\user\AppData\Roaming\npm\protractor not in flight; adding
14 verbose correctMkdir C:\Users\user\AppData\Roaming\npm-cache correctMkdir not in flight; initializing
15 verbose addTmpTarball validating metadata from C:\Users\user\AppData\Roaming\npm\protractor
16 verbose tar unpack C:\Users\user\AppData\Roaming\npm\protractor
17 verbose tar unpacking to C:\Users\user\AppData\Local\Temp\npm-5492-ecf63c7a\unpack-bd96d2cc
18 silly gentlyRm C:\Users\user\AppData\Local\Temp\npm-5492-ecf63c7a\unpack-bd96d2cc is being purged
19 verbose gentlyRm don't care about contents; nuking C:\Users\user\AppData\Local\Temp\npm-5492-ecf63c7a\unpack-bd96d2cc
20 silly gunzTarPerm modes [ '777', '666' ]
21 error not a package C:\Users\user\AppData\Roaming\npm\protractor
22 error addLocal Could not install C:\Users\user\AppData\Roaming\npm\protractor
23 silly fetchPackageMetaData Error: ENOENT: no such file or directory, open 'C:\Users\user\AppData\Local\Temp\npm-5492-ecf63c7a\unpack-bd96d2cc\package.json'
23 silly fetchPackageMetaData     at Error (native)
23 silly fetchPackageMetaData  error for protractor { Error: ENOENT: no such file or directory, open 'C:\Users\user\AppData\Local\Temp\npm-5492-ecf63c7a\unpack-bd96d2cc\package.json'
23 silly fetchPackageMetaData     at Error (native)
23 silly fetchPackageMetaData   errno: -4058,
23 silly fetchPackageMetaData   code: 'ENOENT',
23 silly fetchPackageMetaData   syscall: 'open',
23 silly fetchPackageMetaData   path: 'C:\\Users\\user\\AppData\\Local\\Temp\\npm-5492-ecf63c7a\\unpack-bd96d2cc\\package.json' }
24 silly rollbackFailedOptional Starting
25 silly rollbackFailedOptional Finishing
26 silly runTopLevelLifecycles Finishing
27 silly install printInstalled
28 verbose stack Error: ENOENT: no such file or directory, open 'C:\Users\user\AppData\Local\Temp\npm-5492-ecf63c7a\unpack-bd96d2cc\package.json'
28 verbose stack     at Error (native)
29 verbose cwd C:\Users\user\AppData\Roaming\npm
30 error Windows_NT 6.1.7601
31 error argv "C:\\Program Files\\nodejs\\node.exe" "C:\\Program Files\\nodejs\\node_modules\\npm\\bin\\npm-cli.js" "install" "-g" "protractor"
32 error node v6.14.3
33 error npm  v3.10.10
34 error path C:\Users\user\AppData\Local\Temp\npm-5492-ecf63c7a\unpack-bd96d2cc\package.json
35 error code ENOENT
36 error errno -4058
37 error syscall open
38 error enoent ENOENT: no such file or directory, open 'C:\Users\user\AppData\Local\Temp\npm-5492-ecf63c7a\unpack-bd96d2cc\package.json'
39 error enoent ENOENT: no such file or directory, open 'C:\Users\user\AppData\Local\Temp\npm-5492-ecf63c7a\unpack-bd96d2cc\package.json'
39 error enoent This is most likely not a problem with npm itself
39 error enoent and is related to npm not being able to find a file.
40 verbose exit [ -4058, true ]
